#
# There is insufficient memory for the Java Runtime Environment to continue.
# Native memory allocation (malloc) failed to allocate 32744 bytes for ChunkPool::allocate
# Possible reasons:
#   The system is out of physical RAM or swap space
#   The process is running with CompressedOops enabled, and the Java Heap may be blocking the growth of the native heap
# Possible solutions:
#   Reduce memory load on the system
#   Increase physical memory or swap space
#   Check if swap backing store is full
#   Decrease Java heap size (-Xmx/-Xms)
#   Decrease number of Java threads
#   Decrease Java thread stack sizes (-Xss)
#   Set larger code cache with -XX:ReservedCodeCacheSize=
#   JVM is running with Unscaled Compressed Oops mode in which the Java heap is
#     placed in the first 4GB address space. The Java Heap base address is the
#     maximum limit for the native heap growth. Please use -XX:HeapBaseMinAddress
#     to set the Java Heap base and to place the Java Heap above 4GB virtual address.
# This output file may be truncated or incomplete.
#
#  Out of Memory Error (arena.cpp:78), pid=10656, tid=17580
#
# JRE version: OpenJDK Runtime Environment Temurin-17.0.8.1+1 (17.0.8.1+1) (build 17.0.8.1+1)
# Java VM: OpenJDK 64-Bit Server VM Temurin-17.0.8.1+1 (17.0.8.1+1, mixed mode, tiered, compressed oops, compressed class ptrs, g1 gc, windows-amd64)
# No core dump will be written. Minidumps are not enabled by default on client versions of Windows
#

---------------  S U M M A R Y ------------

Command Line: -Dfile.encoding=UTF-8 -XX:+ShowCodeDetailsInExceptionMessages MainFrame

Host: 12th Gen Intel(R) Core(TM) i5-12500H, 16 cores, 7G,  Windows 11 , 64 bit Build 22621 (10.0.22621.2506)
Time: Mon Jan 22 17:32:08 2024 SE Asia Standard Time elapsed time: 8941.916863 seconds (0d 2h 29m 1s)

---------------  T H R E A D  ---------------

Current thread (0x00000252f23e3850):  JavaThread "C2 CompilerThread0" daemon [_thread_in_native, id=17580, stack(0x0000008f78000000,0x0000008f78100000)]


Current CompileTask:
C2:8941916 2757       4       jdk.internal.loader.BuiltinClassLoader::findResourceOnClassPath (41 bytes)

Stack: [0x0000008f78000000,0x0000008f78100000]
Native frames: (J=compiled Java code, j=interpreted, Vv=VM code, C=native code)
V  [jvm.dll+0x678b0a]
V  [jvm.dll+0x835e84]
V  [jvm.dll+0x83762e]
V  [jvm.dll+0x837c93]
V  [jvm.dll+0x24746f]
V  [jvm.dll+0xac42c]
V  [jvm.dll+0xac7dc]
V  [jvm.dll+0x643086]
V  [jvm.dll+0x69fb67]
V  [jvm.dll+0x69e5aa]
V  [jvm.dll+0x21abb0]
V  [jvm.dll+0x218f0b]
V  [jvm.dll+0x1a534d]
V  [jvm.dll+0x228d8a]
V  [jvm.dll+0x226dcc]
V  [jvm.dll+0x7ec09b]
V  [jvm.dll+0x7e64ca]
V  [jvm.dll+0x677955]
C  [ucrtbase.dll+0x29363]
C  [KERNEL32.DLL+0x1257d]
C  [ntdll.dll+0x5aa58]


---------------  P R O C E S S  ---------------

Threads class SMR info:
_java_thread_list=0x00000252f7a8d5b0, length=18, elements={
0x00000252f2423020, 0x00000252f2424440, 0x00000252f24297b0, 0x00000252f23df690,
0x00000252f23e0700, 0x00000252f23e1770, 0x00000252f23e3850, 0x00000252f2457300,
0x00000252f2464c30, 0x00000252f25f9510, 0x00000252f260bf60, 0x00000252f26681a0,
0x00000252f77c35d0, 0x00000252f77c3ab0, 0x00000252f77c3f90, 0x00000252f787ba30,
0x00000252f7a4f830, 0x00000252f7a4d4c0
}

Java Threads: ( => current thread )
  0x00000252f2423020 JavaThread "Reference Handler" daemon [_thread_blocked, id=21796, stack(0x0000008f77900000,0x0000008f77a00000)]
  0x00000252f2424440 JavaThread "Finalizer" daemon [_thread_blocked, id=3952, stack(0x0000008f77a00000,0x0000008f77b00000)]
  0x00000252f24297b0 JavaThread "Signal Dispatcher" daemon [_thread_blocked, id=25440, stack(0x0000008f77c00000,0x0000008f77d00000)]
  0x00000252f23df690 JavaThread "Attach Listener" daemon [_thread_blocked, id=2164, stack(0x0000008f77d00000,0x0000008f77e00000)]
  0x00000252f23e0700 JavaThread "Service Thread" daemon [_thread_blocked, id=4064, stack(0x0000008f77e00000,0x0000008f77f00000)]
  0x00000252f23e1770 JavaThread "Monitor Deflation Thread" daemon [_thread_blocked, id=26324, stack(0x0000008f77f00000,0x0000008f78000000)]
=>0x00000252f23e3850 JavaThread "C2 CompilerThread0" daemon [_thread_in_native, id=17580, stack(0x0000008f78000000,0x0000008f78100000)]
  0x00000252f2457300 JavaThread "C1 CompilerThread0" daemon [_thread_blocked, id=23608, stack(0x0000008f78100000,0x0000008f78200000)]
  0x00000252f2464c30 JavaThread "Sweeper thread" daemon [_thread_blocked, id=19560, stack(0x0000008f78200000,0x0000008f78300000)]
  0x00000252f25f9510 JavaThread "Notification Thread" daemon [_thread_blocked, id=8704, stack(0x0000008f78500000,0x0000008f78600000)]
  0x00000252f260bf60 JavaThread "Common-Cleaner" daemon [_thread_blocked, id=2188, stack(0x0000008f78700000,0x0000008f78800000)]
  0x00000252f26681a0 JavaThread "mysql-cj-abandoned-connection-cleanup" daemon [_thread_blocked, id=22560, stack(0x0000008f78800000,0x0000008f78900000)]
  0x00000252f77c35d0 JavaThread "Java2D Disposer" daemon [_thread_blocked, id=15364, stack(0x0000008f78b00000,0x0000008f78c00000)]
  0x00000252f77c3ab0 JavaThread "AWT-Shutdown" [_thread_blocked, id=24100, stack(0x0000008f78c00000,0x0000008f78d00000)]
  0x00000252f77c3f90 JavaThread "AWT-Windows" daemon [_thread_in_native, id=19904, stack(0x0000008f78d00000,0x0000008f78e00000)]
  0x00000252f787ba30 JavaThread "AWT-EventQueue-0" [_thread_blocked, id=24832, stack(0x0000008f79c00000,0x0000008f79d00000)]
  0x00000252f7a4f830 JavaThread "DestroyJavaVM" [_thread_blocked, id=17820, stack(0x0000008f77200000,0x0000008f77300000)]
  0x00000252f7a4d4c0 JavaThread "TimerQueue" daemon [_thread_blocked, id=18376, stack(0x0000008f7a000000,0x0000008f7a100000)]

Other Threads:
  0x00000252f23b4740 VMThread "VM Thread" [stack: 0x0000008f77800000,0x0000008f77900000] [id=26644]
  0x00000252f25fca40 WatcherThread [stack: 0x0000008f78600000,0x0000008f78700000] [id=26996]
  0x00000252d7b06b70 GCTaskThread "GC Thread#0" [stack: 0x0000008f77300000,0x0000008f77400000] [id=6372]
  0x00000252f77e4430 GCTaskThread "GC Thread#1" [stack: 0x0000008f78e00000,0x0000008f78f00000] [id=11864]
  0x00000252f77e46f0 GCTaskThread "GC Thread#2" [stack: 0x0000008f78f00000,0x0000008f79000000] [id=26932]
  0x00000252f77e49b0 GCTaskThread "GC Thread#3" [stack: 0x0000008f79000000,0x0000008f79100000] [id=22232]
  0x00000252f77dff10 GCTaskThread "GC Thread#4" [stack: 0x0000008f79100000,0x0000008f79200000] [id=16468]
  0x00000252f78edfe0 GCTaskThread "GC Thread#5" [stack: 0x0000008f79200000,0x0000008f79300000] [id=15992]
  0x00000252f78ee2a0 GCTaskThread "GC Thread#6" [stack: 0x0000008f79300000,0x0000008f79400000] [id=11120]
  0x00000252f78ee560 GCTaskThread "GC Thread#7" [stack: 0x0000008f79400000,0x0000008f79500000] [id=11732]
  0x00000252f78ee820 GCTaskThread "GC Thread#8" [stack: 0x0000008f79500000,0x0000008f79600000] [id=25080]
  0x00000252f78eeae0 GCTaskThread "GC Thread#9" [stack: 0x0000008f79600000,0x0000008f79700000] [id=14796]
  0x00000252f78eeda0 GCTaskThread "GC Thread#10" [stack: 0x0000008f79700000,0x0000008f79800000] [id=9440]
  0x00000252f78ef060 GCTaskThread "GC Thread#11" [stack: 0x0000008f79800000,0x0000008f79900000] [id=23208]
  0x00000252f78ef320 GCTaskThread "GC Thread#12" [stack: 0x0000008f79900000,0x0000008f79a00000] [id=8708]
  0x00000252d7b17240 ConcurrentGCThread "G1 Main Marker" [stack: 0x0000008f77400000,0x0000008f77500000] [id=26120]
  0x00000252d7b17c50 ConcurrentGCThread "G1 Conc#0" [stack: 0x0000008f77500000,0x0000008f77600000] [id=24964]
  0x00000252f70f2f40 ConcurrentGCThread "G1 Conc#1" [stack: 0x0000008f79a00000,0x0000008f79b00000] [id=15756]
  0x00000252f70f3200 ConcurrentGCThread "G1 Conc#2" [stack: 0x0000008f79b00000,0x0000008f79c00000] [id=3660]
  0x00000252d7b5dd70 ConcurrentGCThread "G1 Refine#0" [stack: 0x0000008f77600000,0x0000008f77700000] [id=21904]
  0x00000252f2234520 ConcurrentGCThread "G1 Service" [stack: 0x0000008f77700000,0x0000008f77800000] [id=25196]

Threads with active compile tasks:
C2 CompilerThread0  8941935 2757       4       jdk.internal.loader.BuiltinClassLoader::findResourceOnClassPath (41 bytes)

VM state: not at safepoint (normal execution)

VM Mutex/Monitor currently owned by a thread: None

Heap address: 0x0000000084400000, size: 1980 MB, Compressed Oops mode: 32-bit

CDS archive(s) not mapped
Compressed class space mapped at: 0x0000000100000000-0x0000000140000000, reserved size: 1073741824
Narrow klass base: 0x0000000000000000, Narrow klass shift: 3, Narrow klass range: 0x140000000

GC Precious Log:
 CPUs: 16 total, 16 available
 Memory: 7917M
 Large Page Support: Disabled
 NUMA Support: Disabled
 Compressed Oops: Enabled (32-bit)
 Heap Region Size: 1M
 Heap Min Capacity: 8M
 Heap Initial Capacity: 124M
 Heap Max Capacity: 1980M
 Pre-touch: Disabled
 Parallel Workers: 13
 Concurrent Workers: 3
 Concurrent Refinement Workers: 13
 Periodic GC: Disabled

Heap:
 garbage-first heap   total 21504K, used 9216K [0x0000000084400000, 0x0000000100000000)
  region size 1024K, 3 young (3072K), 2 survivors (2048K)
 Metaspace       used 26886K, committed 27136K, reserved 1114112K
  class space    used 2827K, committed 2944K, reserved 1048576K

Heap Regions: E=young(eden), S=young(survivor), O=old, HS=humongous(starts), HC=humongous(continues), CS=collection set, F=free, OA=open archive, CA=closed archive, TAMS=top-at-mark-start (previous, next)
|   0|0x0000000084400000, 0x0000000084500000, 0x0000000084500000|100%| O|  |TAMS 0x0000000084400000, 0x0000000084400000| Untracked 
|   1|0x0000000084500000, 0x0000000084562a00, 0x0000000084600000| 38%| O|  |TAMS 0x0000000084500000, 0x0000000084500000| Complete 
|   2|0x0000000084600000, 0x0000000084700000, 0x0000000084700000|100%|HS|  |TAMS 0x0000000084600000, 0x0000000084600000| Complete 
|   3|0x0000000084700000, 0x0000000084800000, 0x0000000084800000|100%|HC|  |TAMS 0x0000000084700000, 0x0000000084700000| Complete 
|   4|0x0000000084800000, 0x0000000084900000, 0x0000000084900000|100%|HC|  |TAMS 0x0000000084800000, 0x0000000084800000| Complete 
|   5|0x0000000084900000, 0x0000000084a00000, 0x0000000084a00000|100%| O|  |TAMS 0x0000000084900000, 0x0000000084900000| Untracked 
|   6|0x0000000084a00000, 0x0000000084b00000, 0x0000000084b00000|100%| O|  |TAMS 0x0000000084a00000, 0x0000000084a00000| Untracked 
|   7|0x0000000084b00000, 0x0000000084c00000, 0x0000000084c00000|100%| O|  |TAMS 0x0000000084b00000, 0x0000000084b00000| Untracked 
|   8|0x0000000084c00000, 0x0000000084c93c30, 0x0000000084d00000| 57%| S|CS|TAMS 0x0000000084c00000, 0x0000000084c00000| Complete 
|   9|0x0000000084d00000, 0x0000000084e00000, 0x0000000084e00000|100%| S|CS|TAMS 0x0000000084d00000, 0x0000000084d00000| Complete 
|  10|0x0000000084e00000, 0x0000000084e00000, 0x0000000084f00000|  0%| F|  |TAMS 0x0000000084e00000, 0x0000000084e00000| Untracked 
|  11|0x0000000084f00000, 0x0000000084f00000, 0x0000000085000000|  0%| F|  |TAMS 0x0000000084f00000, 0x0000000084f00000| Untracked 
|  12|0x0000000085000000, 0x0000000085000000, 0x0000000085100000|  0%| F|  |TAMS 0x0000000085000000, 0x0000000085000000| Untracked 
|  13|0x0000000085100000, 0x0000000085100000, 0x0000000085200000|  0%| F|  |TAMS 0x0000000085100000, 0x0000000085100000| Untracked 
|  14|0x0000000085200000, 0x0000000085200000, 0x0000000085300000|  0%| F|  |TAMS 0x0000000085200000, 0x0000000085200000| Untracked 
|  15|0x0000000085300000, 0x0000000085300000, 0x0000000085400000|  0%| F|  |TAMS 0x0000000085300000, 0x0000000085300000| Untracked 
| 100|0x000000008a800000, 0x000000008a800000, 0x000000008a900000|  0%| F|  |TAMS 0x000000008a800000, 0x000000008a800000| Untracked 
| 101|0x000000008a900000, 0x000000008a900000, 0x000000008aa00000|  0%| F|  |TAMS 0x000000008a900000, 0x000000008a900000| Untracked 
| 102|0x000000008aa00000, 0x000000008aa00000, 0x000000008ab00000|  0%| F|  |TAMS 0x000000008aa00000, 0x000000008aa00000| Untracked 
| 123|0x000000008bf00000, 0x000000008bf7ead0, 0x000000008c000000| 49%| E|  |TAMS 0x000000008bf00000, 0x000000008bf00000| Complete 
|1979|0x00000000fff00000, 0x00000000fff09c00, 0x0000000100000000|  3%| O|  |TAMS 0x00000000fff00000, 0x00000000fff00000| Untracked 

Card table byte_map: [0x00000252eadc0000,0x00000252eb1a0000] _byte_map_base: 0x00000252ea99e000

Marking Bits (Prev, Next): (CMBitMap*) 0x00000252d7b071d0, (CMBitMap*) 0x00000252d7b07190
 Prev Bits: [0x00000252ed470000, 0x00000252ef360000)
 Next Bits: [0x00000252eb580000, 0x00000252ed470000)

Polling page: 0x00000252d7260000

Metaspace:

Usage:
  Non-class:     23.49 MB used.
      Class:      2.76 MB used.
       Both:     26.26 MB used.

Virtual space:
  Non-class space:       64.00 MB reserved,      23.62 MB ( 37%) committed,  1 nodes.
      Class space:        1.00 GB reserved,       2.88 MB ( <1%) committed,  1 nodes.
             Both:        1.06 GB reserved,      26.50 MB (  2%) committed. 

Chunk freelists:
   Non-Class:  8.23 MB
       Class:  13.12 MB
        Both:  21.35 MB

MaxMetaspaceSize: unlimited
CompressedClassSpaceSize: 1.00 GB
Initial GC threshold: 21.00 MB
Current GC threshold: 35.12 MB
CDS: off
MetaspaceReclaimPolicy: balanced
 - commit_granule_bytes: 65536.
 - commit_granule_words: 8192.
 - virtual_space_node_default_size: 8388608.
 - enlarge_chunks_in_place: 1.
 - new_chunks_are_fully_committed: 0.
 - uncommit_free_chunks: 1.
 - use_allocation_guard: 0.
 - handle_deallocations: 1.


Internal statistics:

num_allocs_failed_limit: 3.
num_arena_births: 154.
num_arena_deaths: 0.
num_vsnodes_births: 2.
num_vsnodes_deaths: 0.
num_space_committed: 424.
num_space_uncommitted: 0.
num_chunks_returned_to_freelist: 3.
num_chunks_taken_from_freelist: 384.
num_chunk_merges: 0.
num_chunk_splits: 226.
num_chunks_enlarged: 139.
num_inconsistent_stats: 0.

CodeHeap 'non-profiled nmethods': size=119168Kb used=742Kb max_used=742Kb free=118425Kb
 bounds [0x00000252e2d00000, 0x00000252e2f70000, 0x00000252ea160000]
CodeHeap 'profiled nmethods': size=119104Kb used=5241Kb max_used=5241Kb free=113862Kb
 bounds [0x00000252db160000, 0x00000252db680000, 0x00000252e25b0000]
CodeHeap 'non-nmethods': size=7488Kb used=1362Kb max_used=3068Kb free=6125Kb
 bounds [0x00000252e25b0000, 0x00000252e28c0000, 0x00000252e2d00000]
 total_blobs=3461 nmethods=2756 adapters=617
 compilation: enabled
              stopped_count=0, restarted_count=0
 full_count=0

Compilation events (20 events):
Event: 1277.606 Thread 0x00000252f2457300 nmethod 2746 0x00000252db67ac90 code [0x00000252db67af20, 0x00000252db67be18]
Event: 1282.615 Thread 0x00000252f2457300 2747   !   3       jdk.internal.loader.URLClassPath::check (125 bytes)
Event: 1282.616 Thread 0x00000252f2457300 nmethod 2747 0x00000252db67c410 code [0x00000252db67c6c0, 0x00000252db67d648]
Event: 1380.951 Thread 0x00000252f2457300 2748   !   3       jdk.internal.ref.PhantomCleanable::isListEmpty (34 bytes)
Event: 1380.951 Thread 0x00000252f2457300 nmethod 2748 0x00000252db67da90 code [0x00000252db67dc20, 0x00000252db67de78]
Event: 1380.951 Thread 0x00000252f2457300 2749       3       jdk.internal.misc.InnocuousThread::eraseThreadLocals (23 bytes)
Event: 1380.952 Thread 0x00000252f2457300 nmethod 2749 0x00000252db67df90 code [0x00000252db67e120, 0x00000252db67e318]
Event: 2575.006 Thread 0x00000252f23e3850 2750       4       sun.net.www.ParseUtil::firstEncodeIndex (86 bytes)
Event: 2575.018 Thread 0x00000252f23e3850 nmethod 2750 0x00000252e2db6b10 code [0x00000252e2db6ca0, 0x00000252e2db6e98]
Event: 2815.405 Thread 0x00000252f23e3850 2751       4       java.io.WinNTFileSystem::normalize (143 bytes)
Event: 2815.413 Thread 0x00000252f23e3850 nmethod 2751 0x00000252e2db7090 code [0x00000252e2db7240, 0x00000252e2db74c8]
Event: 3596.925 Thread 0x00000252f23e3850 2752       4       java.lang.String::replace (42 bytes)
Event: 3596.954 Thread 0x00000252f23e3850 nmethod 2752 0x00000252e2db7710 code [0x00000252e2db78a0, 0x00000252e2db7f18]
Event: 5169.993 Thread 0x00000252f2457300 2753       3       java.lang.invoke.MethodHandleNatives$CallSiteContext::run (5 bytes)
Event: 5169.994 Thread 0x00000252f2457300 nmethod 2753 0x00000252db67e390 code [0x00000252db67e520, 0x00000252db67e648]
Event: 8906.779 Thread 0x00000252f23e3850 2755       4       jdk.internal.module.Resources::toPackageName (39 bytes)
Event: 8906.795 Thread 0x00000252f23e3850 nmethod 2755 0x00000252e2db8690 code [0x00000252e2db8820, 0x00000252e2db89f8]
Event: 8926.827 Thread 0x00000252f23e3850 2756   !   4       jdk.internal.loader.BuiltinClassLoader::findMiscResource (122 bytes)
Event: 8926.859 Thread 0x00000252f23e3850 nmethod 2756 0x00000252e2db8b90 code [0x00000252e2db8d40, 0x00000252e2db94b8]
Event: 8941.864 Thread 0x00000252f23e3850 2757       4       jdk.internal.loader.BuiltinClassLoader::findResourceOnClassPath (41 bytes)

GC Heap History (4 events):
Event: 0.733 GC heap before
{Heap before GC invocations=0 (full 0):
 garbage-first heap   total 126976K, used 20480K [0x0000000084400000, 0x0000000100000000)
  region size 1024K, 21 young (21504K), 0 survivors (0K)
 Metaspace       used 21236K, committed 21504K, reserved 1114112K
  class space    used 2139K, committed 2304K, reserved 1048576K
}
Event: 0.738 GC heap after
{Heap after GC invocations=1 (full 0):
 garbage-first heap   total 126976K, used 4490K [0x0000000084400000, 0x0000000100000000)
  region size 1024K, 3 young (3072K), 3 survivors (3072K)
 Metaspace       used 21236K, committed 21504K, reserved 1114112K
  class space    used 2139K, committed 2304K, reserved 1048576K
}
Event: 5169.950 GC heap before
{Heap before GC invocations=2 (full 0):
 garbage-first heap   total 20480K, used 13706K [0x0000000084400000, 0x0000000100000000)
  region size 1024K, 10 young (10240K), 3 survivors (3072K)
 Metaspace       used 26885K, committed 27136K, reserved 1114112K
  class space    used 2827K, committed 2944K, reserved 1048576K
}
Event: 5169.991 GC heap after
{Heap after GC invocations=3 (full 0):
 garbage-first heap   total 21504K, used 9216K [0x0000000084400000, 0x0000000100000000)
  region size 1024K, 2 young (2048K), 2 survivors (2048K)
 Metaspace       used 26885K, committed 27136K, reserved 1114112K
  class space    used 2827K, committed 2944K, reserved 1048576K
}

Dll operation events (9 events):
Event: 0.008 Loaded shared library C:\Users\LENOVO\.p2\pool\plugins\org.eclipse.justj.openjdk.hotspot.jre.full.win32.x86_64_17.0.8.v20230831-1047\jre\bin\java.dll
Event: 0.077 Loaded shared library C:\Users\LENOVO\.p2\pool\plugins\org.eclipse.justj.openjdk.hotspot.jre.full.win32.x86_64_17.0.8.v20230831-1047\jre\bin\jimage.dll
Event: 0.092 Loaded shared library C:\Users\LENOVO\.p2\pool\plugins\org.eclipse.justj.openjdk.hotspot.jre.full.win32.x86_64_17.0.8.v20230831-1047\jre\bin\zip.dll
Event: 0.102 Loaded shared library C:\Users\LENOVO\.p2\pool\plugins\org.eclipse.justj.openjdk.hotspot.jre.full.win32.x86_64_17.0.8.v20230831-1047\jre\bin\net.dll
Event: 0.103 Loaded shared library C:\Users\LENOVO\.p2\pool\plugins\org.eclipse.justj.openjdk.hotspot.jre.full.win32.x86_64_17.0.8.v20230831-1047\jre\bin\nio.dll
Event: 0.465 Loaded shared library C:\Users\LENOVO\.p2\pool\plugins\org.eclipse.justj.openjdk.hotspot.jre.full.win32.x86_64_17.0.8.v20230831-1047\jre\bin\sunmscapi.dll
Event: 0.632 Loaded shared library C:\Users\LENOVO\.p2\pool\plugins\org.eclipse.justj.openjdk.hotspot.jre.full.win32.x86_64_17.0.8.v20230831-1047\jre\bin\awt.dll
Event: 0.813 Loaded shared library C:\Users\LENOVO\.p2\pool\plugins\org.eclipse.justj.openjdk.hotspot.jre.full.win32.x86_64_17.0.8.v20230831-1047\jre\bin\freetype.dll
Event: 0.813 Loaded shared library C:\Users\LENOVO\.p2\pool\plugins\org.eclipse.justj.openjdk.hotspot.jre.full.win32.x86_64_17.0.8.v20230831-1047\jre\bin\fontmanager.dll

Deoptimization events (20 events):
Event: 0.886 Thread 0x00000252d7aa9560 Uncommon trap: trap_request=0xffffffde fr.pc=0x00000252e2d8baac relative=0x000000000000010c
Event: 0.886 Thread 0x00000252d7aa9560 Uncommon trap: reason=class_check action=maybe_recompile pc=0x00000252e2d8baac method=jdk.internal.misc.Unsafe.allocateUninitializedArray(Ljava/lang/Class;I)Ljava/lang/Object; @ 51 c2
Event: 0.886 Thread 0x00000252d7aa9560 DEOPT PACKING pc=0x00000252e2d8baac sp=0x0000008f772fecc0
Event: 0.886 Thread 0x00000252d7aa9560 DEOPT UNPACKING pc=0x00000252e26069a3 sp=0x0000008f772fec48 mode 2
Event: 1.016 Thread 0x00000252f787ba30 Uncommon trap: trap_request=0xffffff45 fr.pc=0x00000252e2d93c1c relative=0x000000000000007c
Event: 1.016 Thread 0x00000252f787ba30 Uncommon trap: reason=unstable_if action=reinterpret pc=0x00000252e2d93c1c method=sun.awt.SunToolkit.getAppContext(Ljava/lang/Object;)Lsun/awt/AppContext; @ 4 c2
Event: 1.016 Thread 0x00000252f787ba30 DEOPT PACKING pc=0x00000252e2d93c1c sp=0x0000008f79cfdd60
Event: 1.016 Thread 0x00000252f787ba30 DEOPT UNPACKING pc=0x00000252e26069a3 sp=0x0000008f79cfdcf8 mode 2
Event: 1.935 Thread 0x00000252f787ba30 Uncommon trap: trap_request=0xfffffff4 fr.pc=0x00000252e2dadb10 relative=0x0000000000000090
Event: 1.935 Thread 0x00000252f787ba30 Uncommon trap: reason=null_check action=make_not_entrant pc=0x00000252e2dadb10 method=java.awt.Component.isLightweight()Z @ 4 c2
Event: 1.935 Thread 0x00000252f787ba30 DEOPT PACKING pc=0x00000252e2dadb10 sp=0x0000008f79cfdb90
Event: 1.935 Thread 0x00000252f787ba30 DEOPT UNPACKING pc=0x00000252e26069a3 sp=0x0000008f79cfdb20 mode 2
Event: 3.034 Thread 0x00000252f787ba30 Uncommon trap: trap_request=0xffffffde fr.pc=0x00000252e2d7c608 relative=0x0000000000000188
Event: 3.034 Thread 0x00000252f787ba30 Uncommon trap: reason=class_check action=maybe_recompile pc=0x00000252e2d7c608 method=java.lang.String.equals(Ljava/lang/Object;)Z @ 8 c2
Event: 3.034 Thread 0x00000252f787ba30 DEOPT PACKING pc=0x00000252e2d7c608 sp=0x0000008f79cfe010
Event: 3.034 Thread 0x00000252f787ba30 DEOPT UNPACKING pc=0x00000252e26069a3 sp=0x0000008f79cfdf98 mode 2
Event: 3.034 Thread 0x00000252f787ba30 Uncommon trap: trap_request=0xffffffde fr.pc=0x00000252e2d7c608 relative=0x0000000000000188
Event: 3.034 Thread 0x00000252f787ba30 Uncommon trap: reason=class_check action=maybe_recompile pc=0x00000252e2d7c608 method=java.lang.String.equals(Ljava/lang/Object;)Z @ 8 c2
Event: 3.034 Thread 0x00000252f787ba30 DEOPT PACKING pc=0x00000252e2d7c608 sp=0x0000008f79cfe010
Event: 3.034 Thread 0x00000252f787ba30 DEOPT UNPACKING pc=0x00000252e26069a3 sp=0x0000008f79cfdf98 mode 2

Classes unloaded (0 events):
No events

Classes redefined (0 events):
No events

Internal exceptions (20 events):
Event: 0.389 Thread 0x00000252d7aa9560 Exception <a 'sun/nio/fs/WindowsException'{0x000000008b4dda20}> (0x000000008b4dda20) 
thrown [s\src\hotspot\share\prims\jni.cpp, line 516]
Event: 0.399 Thread 0x00000252d7aa9560 Exception <a 'java/lang/NoSuchMethodError'{0x000000008b3051a0}: 'int java.lang.invoke.DirectMethodHandle$Holder.invokeStaticInit(java.lang.Object, java.lang.Object, java.lang.Object, java.lang.Object)'> (0x000000008b3051a0) 
thrown [s\src\hotspot\share\interpreter\linkResolver.cpp, line 759]
Event: 0.400 Thread 0x00000252d7aa9560 Exception <a 'java/lang/IncompatibleClassChangeError'{0x000000008b30e510}: Found class java.lang.Object, but interface was expected> (0x000000008b30e510) 
thrown [s\src\hotspot\share\interpreter\linkResolver.cpp, line 826]
Event: 0.400 Thread 0x00000252d7aa9560 Exception <a 'java/lang/NoSuchMethodError'{0x000000008b313c30}: 'int java.lang.invoke.DirectMethodHandle$Holder.invokeStaticInit(java.lang.Object, java.lang.Object)'> (0x000000008b313c30) 
thrown [s\src\hotspot\share\interpreter\linkResolver.cpp, line 759]
Event: 0.429 Thread 0x00000252d7aa9560 Exception <a 'java/lang/NoSuchMethodError'{0x000000008b3f9220}: 'java.lang.Object java.lang.invoke.DirectMethodHandle$Holder.invokeStaticInit(java.lang.Object, int, int, int, int)'> (0x000000008b3f9220) 
thrown [s\src\hotspot\share\interpreter\linkResolver.cpp, line 759]
Event: 0.454 Thread 0x00000252d7aa9560 Exception <a 'java/lang/NoSuchMethodError'{0x000000008b246440}: 'java.lang.Object java.lang.invoke.DirectMethodHandle$Holder.invokeStaticInit(java.lang.Object, java.lang.Object, int, int, int, int)'> (0x000000008b246440) 
thrown [s\src\hotspot\share\interpreter\linkResolver.cpp, line 759]
Event: 0.484 Thread 0x00000252d7aa9560 Exception <a 'java/lang/NoSuchMethodError'{0x000000008b15bcf8}: 'int java.lang.invoke.DirectMethodHandle$Holder.invokeSpecial(java.lang.Object, java.lang.Object, java.lang.Object)'> (0x000000008b15bcf8) 
thrown [s\src\hotspot\share\interpreter\linkResolver.cpp, line 759]
Event: 0.628 Thread 0x00000252d7aa9560 Exception <a 'java/lang/ClassNotFoundException'{0x000000008aec02f0}: sun/awt/resources/spi/awtProvider> (0x000000008aec02f0) 
thrown [s\src\hotspot\share\classfile\systemDictionary.cpp, line 256]
Event: 0.637 Thread 0x00000252d7aa9560 Exception <a 'java/io/FileNotFoundException'{0x000000008ad03ab0}> (0x000000008ad03ab0) 
thrown [s\src\hotspot\share\prims\jni.cpp, line 516]
Event: 0.641 Thread 0x00000252d7aa9560 Exception <a 'java/io/FileNotFoundException'{0x000000008ad309d0}> (0x000000008ad309d0) 
thrown [s\src\hotspot\share\prims\jni.cpp, line 516]
Event: 0.715 Thread 0x00000252d7aa9560 Exception <a 'java/lang/NoSuchMethodError'{0x000000008ac4d358}: 'java.lang.Object java.lang.invoke.DirectMethodHandle$Holder.newInvokeSpecial(java.lang.Object, java.lang.Object, java.lang.Object, java.lang.Object, java.lang.Object)'> (0x000000008ac4d358) 
thrown [s\src\hotspot\share\interpreter\linkResolver.cpp, line 759]
Event: 0.716 Thread 0x00000252d7aa9560 Exception <a 'java/lang/NoSuchMethodError'{0x000000008ac58d38}: 'java.lang.Object java.lang.invoke.DirectMethodHandle$Holder.invokeStatic(java.lang.Object, int, java.lang.Object, java.lang.Object, java.lang.Object, java.lang.Object)'> (0x000000008ac58d38) 
thrown [s\src\hotspot\share\interpreter\linkResolver.cpp, line 759]
Event: 0.719 Thread 0x00000252d7aa9560 Exception <a 'java/lang/NoSuchMethodError'{0x000000008ac7e7a8}: 'java.lang.Object java.lang.invoke.DirectMethodHandle$Holder.invokeStatic(java.lang.Object, int, java.lang.Object)'> (0x000000008ac7e7a8) 
thrown [s\src\hotspot\share\interpreter\linkResolver.cpp, line 759]
Event: 0.745 Thread 0x00000252d7aa9560 Exception <a 'java/lang/ClassNotFoundException'{0x000000008bf172a0}: com/sun/swing/internal/plaf/metal/resources/spi/metalProvider> (0x000000008bf172a0) 
thrown [s\src\hotspot\share\classfile\systemDictionary.cpp, line 256]
Event: 0.745 Thread 0x00000252d7aa9560 Exception <a 'java/lang/ClassNotFoundException'{0x000000008bf1b0c8}: com/sun/swing/internal/plaf/basic/resources/spi/basicProvider> (0x000000008bf1b0c8) 
thrown [s\src\hotspot\share\classfile\systemDictionary.cpp, line 256]
Event: 0.751 Thread 0x00000252d7aa9560 Implicit null exception at 0x00000252e2d53803 to 0x00000252e2d53bb0
Event: 0.751 Thread 0x00000252d7aa9560 Implicit null exception at 0x00000252e2d4688f to 0x00000252e2d46905
Event: 0.919 Thread 0x00000252f77c3f90 Exception <a 'java/lang/NoSuchMethodError'{0x00000000851801d8}: 'void java.lang.invoke.DirectMethodHandle$Holder.invokeVirtual(java.lang.Object, java.lang.Object)'> (0x00000000851801d8) 
thrown [s\src\hotspot\share\interpreter\linkResolver.cpp, line 759]
Event: 0.933 Thread 0x00000252d7aa9560 Exception <a 'java/lang/NoSuchMethodError'{0x0000000085130cd8}: 'void java.lang.invoke.DirectMethodHandle$Holder.invokeStaticInit(java.lang.Object)'> (0x0000000085130cd8) 
thrown [s\src\hotspot\share\interpreter\linkResolver.cpp, line 759]
Event: 1.935 Thread 0x00000252f787ba30 Implicit null exception at 0x00000252e2dadab0 to 0x00000252e2dadb06

VM Operations (20 events):
Event: 1.088 Executing VM operation: HandshakeAllThreads
Event: 1.088 Executing VM operation: HandshakeAllThreads done
Event: 2.088 Executing VM operation: Cleanup
Event: 2.089 Executing VM operation: Cleanup done
Event: 3.102 Executing VM operation: Cleanup
Event: 3.102 Executing VM operation: Cleanup done
Event: 4.118 Executing VM operation: Cleanup
Event: 4.118 Executing VM operation: Cleanup done
Event: 5.133 Executing VM operation: Cleanup
Event: 5.133 Executing VM operation: Cleanup done
Event: 6.141 Executing VM operation: Cleanup
Event: 6.141 Executing VM operation: Cleanup done
Event: 60.125 Executing VM operation: HandshakeAllThreads
Event: 60.125 Executing VM operation: HandshakeAllThreads done
Event: 622.012 Executing VM operation: Cleanup
Event: 622.012 Executing VM operation: Cleanup done
Event: 5169.945 Executing VM operation: G1CollectForAllocation
Event: 5169.991 Executing VM operation: G1CollectForAllocation done
Event: 5171.003 Executing VM operation: Cleanup
Event: 5171.003 Executing VM operation: Cleanup done

Events (20 events):
Event: 3.033 loading class javax/swing/JComponent$IntVector done
Event: 3.033 loading class javax/swing/KeyboardManager
Event: 3.033 loading class javax/swing/KeyboardManager done
Event: 3.033 loading class javax/swing/Popup$HeavyWeightWindow
Event: 3.033 loading class sun/awt/ModalExclude
Event: 3.033 loading class sun/awt/ModalExclude done
Event: 3.033 loading class javax/swing/JWindow
Event: 3.033 loading class javax/swing/JWindow done
Event: 3.034 loading class javax/swing/Popup$HeavyWeightWindow done
Event: 3.034 loading class javax/swing/JComponent$ActionStandin
Event: 3.034 loading class javax/swing/JComponent$ActionStandin done
Event: 3.034 loading class javax/swing/JLayer
Event: 3.035 loading class javax/swing/JLayer done
Event: 3.035 loading class javax/swing/text/AbstractDocument$UndoRedoDocumentEvent
Event: 3.035 loading class javax/swing/text/AbstractDocument$UndoRedoDocumentEvent done
Event: 3.035 loading class javax/swing/text/DefaultCaret$1
Event: 3.035 loading class javax/swing/text/DefaultCaret$1 done
Event: 10.471 Thread 0x00000252f7783080 Thread exited: 0x00000252f7783080
Event: 15.482 Thread 0x00000252f25c54e0 Thread exited: 0x00000252f25c54e0
Event: 20.494 Thread 0x00000252f25c0fb0 Thread exited: 0x00000252f25c0fb0


Dynamic libraries:
0x00007ff655ee0000 - 0x00007ff655eee000 	C:\Users\LENOVO\.p2\pool\plugins\org.eclipse.justj.openjdk.hotspot.jre.full.win32.x86_64_17.0.8.v20230831-1047\jre\bin\javaw.exe
0x00007ff9192f0000 - 0x00007ff919507000 	C:\WINDOWS\SYSTEM32\ntdll.dll
0x00007ff917630000 - 0x00007ff9176f4000 	C:\WINDOWS\System32\KERNEL32.DLL
0x00007ff916a80000 - 0x00007ff916e26000 	C:\WINDOWS\System32\KERNELBASE.dll
0x00007ff9168c0000 - 0x00007ff9169d1000 	C:\WINDOWS\System32\ucrtbase.dll
0x00007ff9067b0000 - 0x00007ff9067c7000 	C:\Users\LENOVO\.p2\pool\plugins\org.eclipse.justj.openjdk.hotspot.jre.full.win32.x86_64_17.0.8.v20230831-1047\jre\bin\jli.dll
0x00007ff918f40000 - 0x00007ff9190ee000 	C:\WINDOWS\System32\USER32.dll
0x00007ff916f50000 - 0x00007ff916f76000 	C:\WINDOWS\System32\win32u.dll
0x00007ff917cf0000 - 0x00007ff917d19000 	C:\WINDOWS\System32\GDI32.dll
0x00007ff916e30000 - 0x00007ff916f48000 	C:\WINDOWS\System32\gdi32full.dll
0x00007ff9169e0000 - 0x00007ff916a7a000 	C:\WINDOWS\System32\msvcp_win.dll
0x00007ff905cd0000 - 0x00007ff905ce9000 	C:\Users\LENOVO\.p2\pool\plugins\org.eclipse.justj.openjdk.hotspot.jre.full.win32.x86_64_17.0.8.v20230831-1047\jre\bin\VCRUNTIME140.dll
0x00007ff8faa20000 - 0x00007ff8facb3000 	C:\WINDOWS\WinSxS\amd64_microsoft.windows.common-controls_6595b64144ccf1df_6.0.22621.2506_none_270c5ae97388e100\COMCTL32.dll
0x00007ff9183c0000 - 0x00007ff918467000 	C:\WINDOWS\System32\msvcrt.dll
0x00007ff917400000 - 0x00007ff917431000 	C:\WINDOWS\System32\IMM32.DLL
0x00007ff9066c0000 - 0x00007ff9066cc000 	C:\Users\LENOVO\.p2\pool\plugins\org.eclipse.justj.openjdk.hotspot.jre.full.win32.x86_64_17.0.8.v20230831-1047\jre\bin\vcruntime140_1.dll
0x00007ff8e5190000 - 0x00007ff8e5221000 	C:\Users\LENOVO\.p2\pool\plugins\org.eclipse.justj.openjdk.hotspot.jre.full.win32.x86_64_17.0.8.v20230831-1047\jre\bin\msvcp140.dll
0x00007ff8881d0000 - 0x00007ff888e1c000 	C:\Users\LENOVO\.p2\pool\plugins\org.eclipse.justj.openjdk.hotspot.jre.full.win32.x86_64_17.0.8.v20230831-1047\jre\bin\server\jvm.dll
0x00007ff917340000 - 0x00007ff9173f3000 	C:\WINDOWS\System32\ADVAPI32.dll
0x00007ff917e90000 - 0x00007ff917f38000 	C:\WINDOWS\System32\sechost.dll
0x00007ff916820000 - 0x00007ff916848000 	C:\WINDOWS\System32\bcrypt.dll
0x00007ff917700000 - 0x00007ff917817000 	C:\WINDOWS\System32\RPCRT4.dll
0x00007ff9154b0000 - 0x00007ff9154fd000 	C:\WINDOWS\SYSTEM32\POWRPROF.dll
0x00007ff90ba20000 - 0x00007ff90ba29000 	C:\WINDOWS\SYSTEM32\WSOCK32.dll
0x00007ff918cd0000 - 0x00007ff918d41000 	C:\WINDOWS\System32\WS2_32.dll
0x00007ff909ff0000 - 0x00007ff90a024000 	C:\WINDOWS\SYSTEM32\WINMM.dll
0x00007ff909250000 - 0x00007ff90925a000 	C:\WINDOWS\SYSTEM32\VERSION.dll
0x00007ff915490000 - 0x00007ff9154a3000 	C:\WINDOWS\SYSTEM32\UMPDC.dll
0x00007ff915750000 - 0x00007ff915768000 	C:\WINDOWS\SYSTEM32\kernel.appcore.dll
0x00007ff90ec80000 - 0x00007ff90ec8a000 	C:\Users\LENOVO\.p2\pool\plugins\org.eclipse.justj.openjdk.hotspot.jre.full.win32.x86_64_17.0.8.v20230831-1047\jre\bin\jimage.dll
0x00007ff913f10000 - 0x00007ff914143000 	C:\WINDOWS\SYSTEM32\DBGHELP.DLL
0x00007ff917830000 - 0x00007ff917bb9000 	C:\WINDOWS\System32\combase.dll
0x00007ff917db0000 - 0x00007ff917e87000 	C:\WINDOWS\System32\OLEAUT32.dll
0x00007ff906950000 - 0x00007ff906982000 	C:\WINDOWS\SYSTEM32\dbgcore.DLL
0x00007ff9167a0000 - 0x00007ff91681a000 	C:\WINDOWS\System32\bcryptPrimitives.dll
0x00007ff9065c0000 - 0x00007ff9065e5000 	C:\Users\LENOVO\.p2\pool\plugins\org.eclipse.justj.openjdk.hotspot.jre.full.win32.x86_64_17.0.8.v20230831-1047\jre\bin\java.dll
0x00007ff908ce0000 - 0x00007ff908cf8000 	C:\Users\LENOVO\.p2\pool\plugins\org.eclipse.justj.openjdk.hotspot.jre.full.win32.x86_64_17.0.8.v20230831-1047\jre\bin\zip.dll
0x00007ff918470000 - 0x00007ff918cca000 	C:\WINDOWS\System32\SHELL32.dll
0x00007ff914430000 - 0x00007ff914d26000 	C:\WINDOWS\SYSTEM32\windows.storage.dll
0x00007ff914d50000 - 0x00007ff914e8e000 	C:\WINDOWS\SYSTEM32\wintypes.dll
0x00007ff917040000 - 0x00007ff917133000 	C:\WINDOWS\System32\SHCORE.dll
0x00007ff9175c0000 - 0x00007ff91761e000 	C:\WINDOWS\System32\shlwapi.dll
0x00007ff916560000 - 0x00007ff916586000 	C:\WINDOWS\SYSTEM32\profapi.dll
0x00007ff906d60000 - 0x00007ff906d79000 	C:\Users\LENOVO\.p2\pool\plugins\org.eclipse.justj.openjdk.hotspot.jre.full.win32.x86_64_17.0.8.v20230831-1047\jre\bin\net.dll
0x00007ff90e6a0000 - 0x00007ff90e7d7000 	C:\WINDOWS\SYSTEM32\WINHTTP.dll
0x00007ff915bd0000 - 0x00007ff915c39000 	C:\WINDOWS\system32\mswsock.dll
0x00007ff8fa930000 - 0x00007ff8fa945000 	C:\Users\LENOVO\.p2\pool\plugins\org.eclipse.justj.openjdk.hotspot.jre.full.win32.x86_64_17.0.8.v20230831-1047\jre\bin\nio.dll
0x00007ff9151d0000 - 0x00007ff9152c9000 	C:\WINDOWS\SYSTEM32\DNSAPI.dll
0x00007ff915160000 - 0x00007ff91518d000 	C:\WINDOWS\SYSTEM32\IPHLPAPI.DLL
0x00007ff917620000 - 0x00007ff917629000 	C:\WINDOWS\System32\NSI.dll
0x00007ff90bb00000 - 0x00007ff90bb0a000 	C:\Windows\System32\rasadhlp.dll
0x00007ff909f60000 - 0x00007ff909fe3000 	C:\WINDOWS\System32\fwpuclnt.dll
0x00007ff915e20000 - 0x00007ff915e3b000 	C:\WINDOWS\SYSTEM32\CRYPTSP.dll
0x00007ff9156b0000 - 0x00007ff9156e5000 	C:\WINDOWS\system32\rsaenh.dll
0x00007ff915cc0000 - 0x00007ff915cec000 	C:\WINDOWS\SYSTEM32\USERENV.dll
0x00007ff915e40000 - 0x00007ff915e4c000 	C:\WINDOWS\SYSTEM32\CRYPTBASE.dll
0x00007ff90d1d0000 - 0x00007ff90d1e9000 	C:\WINDOWS\SYSTEM32\dhcpcsvc6.DLL
0x00007ff90c280000 - 0x00007ff90c29f000 	C:\WINDOWS\SYSTEM32\dhcpcsvc.DLL
0x00007ff908e20000 - 0x00007ff908e2e000 	C:\Users\LENOVO\.p2\pool\plugins\org.eclipse.justj.openjdk.hotspot.jre.full.win32.x86_64_17.0.8.v20230831-1047\jre\bin\sunmscapi.dll
0x00007ff916630000 - 0x00007ff916796000 	C:\WINDOWS\System32\CRYPT32.dll
0x00007ff915fe0000 - 0x00007ff91600e000 	C:\WINDOWS\SYSTEM32\ncrypt.dll
0x00007ff915fa0000 - 0x00007ff915fd7000 	C:\WINDOWS\SYSTEM32\NTASN1.dll
0x00007ff8d8b70000 - 0x00007ff8d8cfe000 	C:\Users\LENOVO\.p2\pool\plugins\org.eclipse.justj.openjdk.hotspot.jre.full.win32.x86_64_17.0.8.v20230831-1047\jre\bin\awt.dll
0x00007ff910dc0000 - 0x00007ff910e57000 	C:\WINDOWS\SYSTEM32\apphelp.dll
0x00007ff913790000 - 0x00007ff9137bb000 	C:\WINDOWS\system32\DWMAPI.DLL
0x00007ff910f50000 - 0x00007ff910ffb000 	C:\WINDOWS\system32\uxtheme.dll
0x00007ff8d5fe0000 - 0x00007ff8d60e0000 	C:\WINDOWS\system32\opengl32.dll
0x00007ff9004a0000 - 0x00007ff9004cd000 	C:\WINDOWS\SYSTEM32\GLU32.dll
0x00007ff9137c0000 - 0x00007ff9137f6000 	C:\WINDOWS\SYSTEM32\dxcore.dll
0x00007ff8d3c90000 - 0x00007ff8d3dc9000 	C:\ProgramData\A-Volute\A-Volute.Nahimic\Modules\Scheduled\x64\AudioDevProps2.dll
0x00007ff918d50000 - 0x00007ff918ef0000 	C:\WINDOWS\System32\ole32.dll
0x00007ff917470000 - 0x00007ff9175c0000 	C:\WINDOWS\System32\MSCTF.dll
0x00007ff8e73e0000 - 0x00007ff8e7466000 	C:\Users\LENOVO\.p2\pool\plugins\org.eclipse.justj.openjdk.hotspot.jre.full.win32.x86_64_17.0.8.v20230831-1047\jre\bin\freetype.dll
0x00007ff8d7160000 - 0x00007ff8d7233000 	C:\Users\LENOVO\.p2\pool\plugins\org.eclipse.justj.openjdk.hotspot.jre.full.win32.x86_64_17.0.8.v20230831-1047\jre\bin\fontmanager.dll
0x00007ff917bc0000 - 0x00007ff917c70000 	C:\WINDOWS\System32\clbcatq.dll
0x00007ff90ee90000 - 0x00007ff90f040000 	C:\WINDOWS\SYSTEM32\WindowsCodecs.dll
0x00007ff8f0960000 - 0x00007ff8f09be000 	C:\WINDOWS\system32\dataexchange.dll
0x00007ff90ca10000 - 0x00007ff90cc95000 	C:\WINDOWS\system32\twinapi.appcore.dll
0x00007ff8fc9d0000 - 0x00007ff8fcb1a000 	C:\WINDOWS\SYSTEM32\textinputframework.dll
0x00007ff9109c0000 - 0x00007ff910af4000 	C:\WINDOWS\SYSTEM32\CoreMessaging.dll
0x00007ff90dfa0000 - 0x00007ff90e30c000 	C:\WINDOWS\SYSTEM32\CoreUIComponents.dll

dbghelp: loaded successfully - version: 4.0.5 - missing functions: none
symbol engine: initialized successfully - sym options: 0x614 - pdb path: .;C:\Users\LENOVO\.p2\pool\plugins\org.eclipse.justj.openjdk.hotspot.jre.full.win32.x86_64_17.0.8.v20230831-1047\jre\bin;C:\WINDOWS\SYSTEM32;C:\WINDOWS\WinSxS\amd64_microsoft.windows.common-controls_6595b64144ccf1df_6.0.22621.2506_none_270c5ae97388e100;C:\Users\LENOVO\.p2\pool\plugins\org.eclipse.justj.openjdk.hotspot.jre.full.win32.x86_64_17.0.8.v20230831-1047\jre\bin\server;C:\ProgramData\A-Volute\A-Volute.Nahimic\Modules\Scheduled\x64

VM Arguments:
jvm_args: -Dfile.encoding=UTF-8 -XX:+ShowCodeDetailsInExceptionMessages 
java_command: MainFrame
java_class_path (initial): C:\Users\LENOVO\eclipse-workspace\JV_QLNS\bin;C:\Users\LENOVO\Downloads\mysql-connector-j-8.1.0.jar
Launcher Type: SUN_STANDARD

[Global flags]
     intx CICompilerCount                          = 12                                        {product} {ergonomic}
     uint ConcGCThreads                            = 3                                         {product} {ergonomic}
     uint G1ConcRefinementThreads                  = 13                                        {product} {ergonomic}
   size_t G1HeapRegionSize                         = 1048576                                   {product} {ergonomic}
    uintx GCDrainStackTargetSize                   = 64                                        {product} {ergonomic}
   size_t InitialHeapSize                          = 130023424                                 {product} {ergonomic}
   size_t MarkStackSize                            = 4194304                                   {product} {ergonomic}
   size_t MaxHeapSize                              = 2076180480                                {product} {ergonomic}
   size_t MaxNewSize                               = 1245708288                                {product} {ergonomic}
   size_t MinHeapDeltaBytes                        = 1048576                                   {product} {ergonomic}
   size_t MinHeapSize                              = 8388608                                   {product} {ergonomic}
    uintx NonNMethodCodeHeapSize                   = 7602480                                {pd product} {ergonomic}
    uintx NonProfiledCodeHeapSize                  = 122027880                              {pd product} {ergonomic}
    uintx ProfiledCodeHeapSize                     = 122027880                              {pd product} {ergonomic}
    uintx ReservedCodeCacheSize                    = 251658240                              {pd product} {ergonomic}
     bool SegmentedCodeCache                       = true                                      {product} {ergonomic}
     bool ShowCodeDetailsInExceptionMessages       = true                                   {manageable} {command line}
   size_t SoftMaxHeapSize                          = 2076180480                             {manageable} {ergonomic}
     bool UseCompressedClassPointers               = true                           {product lp64_product} {ergonomic}
     bool UseCompressedOops                        = true                           {product lp64_product} {ergonomic}
     bool UseG1GC                                  = true                                      {product} {ergonomic}
     bool UseLargePagesIndividualAllocation        = false                                  {pd product} {ergonomic}

Logging:
Log output configuration:
 #0: stdout all=warning uptime,level,tags
 #1: stderr all=off uptime,level,tags

Environment Variables:
JAVA_HOME=C:\Program Files (x86)\Eclipse Adoptium\jdk-17.0.8.101-hotspot\
PATH=C:/Users/LENOVO/.p2/pool/plugins/org.eclipse.justj.openjdk.hotspot.jre.full.win32.x86_64_17.0.8.v20230831-1047/jre/bin/server;C:/Users/LENOVO/.p2/pool/plugins/org.eclipse.justj.openjdk.hotspot.jre.full.win32.x86_64_17.0.8.v20230831-1047/jre/bin;C:\Program Files (x86)\Eclipse Adoptium\jdk-17.0.8.101-hotspot\bin;C:\Windows\system32;C:\Windows;C:\Windows\System32\Wbem;C:\Windows\System32\WindowsPowerShell\v1.0\;C:\Windows\System32\OpenSSH\;C:\Program Files (x86)\NVIDIA Corporation\PhysX\Common;C:\Program Files\NVIDIA Corporation\NVIDIA NvDLISR;C:\WINDOWS\system32;C:\WINDOWS;C:\WINDOWS\System32\Wbem;C:\WINDOWS\System32\WindowsPowerShell\v1.0\;C:\WINDOWS\System32\OpenSSH\;C:\Program Files (x86)\Microsoft SQL Server\160\Tools\Binn\;C:\Program Files\Microsoft SQL Server\160\Tools\Binn\;C:\Program Files\Microsoft SQL Server\Client SDK\ODBC\170\Tools\Binn\;C:\Program Files\Microsoft SQL Server\160\DTS\Binn\;C:\Program Files (x86)\Microsoft SQL Server\160\DTS\Binn\;C:\Program Files\Azure Data Studio\bin;C:\Program Files\dotnet\;C:\Users\LENOVO\AppData\Local\Microsoft\WindowsApps;;C:\Program Files\Azure Data Studio\bin;C:\WINDOWS\System32;
USERNAME=LENOVO
OS=Windows_NT
PROCESSOR_IDENTIFIER=Intel64 Family 6 Model 154 Stepping 3, GenuineIntel
TMP=C:\Users\LENOVO\AppData\Local\Temp
TEMP=C:\Users\LENOVO\AppData\Local\Temp



---------------  S Y S T E M  ---------------

OS:
 Windows 11 , 64 bit Build 22621 (10.0.22621.2506)
OS uptime: 0 days 21:32 hours

CPU: total 16 (initial active 16) (8 cores per cpu, 2 threads per core) family 6 model 154 stepping 3 microcode 0x419, cx8, cmov, fxsr, ht, mmx, 3dnowpref, sse, sse2, sse3, ssse3, sse4.1, sse4.2, popcnt, lzcnt, tsc, tscinvbit, avx, avx2, aes, erms, clmul, bmi1, bmi2, adx, sha, fma, vzeroupper, clflush, clflushopt, clwb
Processor Information for processor 0
  Max Mhz: 2500, Current Mhz: 1532, Mhz Limit: 2500
Processor Information for processor 1
  Max Mhz: 2500, Current Mhz: 2500, Mhz Limit: 2500
Processor Information for processor 2
  Max Mhz: 2500, Current Mhz: 2500, Mhz Limit: 2500
Processor Information for processor 3
  Max Mhz: 2500, Current Mhz: 2500, Mhz Limit: 2500
Processor Information for processor 4
  Max Mhz: 2500, Current Mhz: 2500, Mhz Limit: 2500
Processor Information for processor 5
  Max Mhz: 2500, Current Mhz: 1532, Mhz Limit: 2500
Processor Information for processor 6
  Max Mhz: 2500, Current Mhz: 2500, Mhz Limit: 2500
Processor Information for processor 7
  Max Mhz: 2500, Current Mhz: 2500, Mhz Limit: 2500
Processor Information for processor 8
  Max Mhz: 2500, Current Mhz: 1800, Mhz Limit: 1800
Processor Information for processor 9
  Max Mhz: 2500, Current Mhz: 1500, Mhz Limit: 1800
Processor Information for processor 10
  Max Mhz: 2500, Current Mhz: 1800, Mhz Limit: 1800
Processor Information for processor 11
  Max Mhz: 2500, Current Mhz: 1500, Mhz Limit: 1800
Processor Information for processor 12
  Max Mhz: 2500, Current Mhz: 1500, Mhz Limit: 1800
Processor Information for processor 13
  Max Mhz: 2500, Current Mhz: 1500, Mhz Limit: 1800
Processor Information for processor 14
  Max Mhz: 2500, Current Mhz: 1500, Mhz Limit: 1800
Processor Information for processor 15
  Max Mhz: 2500, Current Mhz: 1500, Mhz Limit: 1800

Memory: 4k page, system-wide physical 7917M (251M free)
TotalPageFile size 26694M (AvailPageFile size 3M)
current process WorkingSet (physical memory assigned to process): 16M, peak: 107M
current process commit charge ("private bytes"): 147M, peak: 240M

vm_info: OpenJDK 64-Bit Server VM (17.0.8.1+1) for windows-amd64 JRE (17.0.8.1+1), built on Aug 23 2023 15:29:17 by "admin" with MS VC++ 16.7 (VS2019)

END.
